1>------ 已启动生成: 项目: fltkzlib, 配置: Debug Win32 ------
2>------ 已启动生成: 项目: fltkjpeg, 配置: Debug Win32 ------
1>  adler32.c
1>  compress.c
2>  jcapimin.c
1>  crc32.c
1>  deflate.c
2>  jcapistd.c
1>  gzclose.c
2>  jccoefct.c
1>  gzlib.c
2>  jccolor.c
1>  gzread.c
2>  jcdctmgr.c
1>  gzwrite.c
2>  jchuff.c
1>  infback.c
2>  jcinit.c
1>  inffast.c
2>  jcmainct.c
1>  inflate.c
1>  inftrees.c
2>  jcmarker.c
1>  trees.c
2>  jcmaster.c
1>  uncompr.c
1>  zutil.c
2>  jcomapi.c
1>  正在生成代码...
2>  jcparam.c
2>  jaricom.c
2>  jcarith.c
2>  jdarith.c
2>  jcprepct.c
1>  zlib.vcxproj -> D:\VscodiumZone\EightyProj\FLTK-Mirror-master\ide\VisualC2010\..\..\lib\fltkzlibd.lib
3>------ 已启动生成: 项目: fltkpng, 配置: Debug Win32 ------
2>  jcsample.c
2>  jctrans.c
2>  jdapimin.c
3>  png.c
2>  jdapistd.c
2>  正在生成代码...
2>  正在编译...
2>  jdatadst.c
3>  pngerror.c
2>  jdatasrc.c
2>  jdcoefct.c
2>  jdcolor.c
2>  jddctmgr.c
3>  pngget.c
2>  jdhuff.c
2>  jdinput.c
2>  jdmainct.c
2>  jdmarker.c
3>  pngmem.c
2>  jdmaster.c
2>  jdmerge.c
2>  jdpostct.c
2>  jdsample.c
3>  pngpread.c
2>  jdtrans.c
2>  jerror.c
2>  jfdctflt.c
2>  jfdctfst.c
2>  jfdctint.c
3>  pngread.c
2>  jidctflt.c
2>  jidctfst.c
2>  正在生成代码...
3>  pngrio.c
2>  正在编译...
2>  jidctint.c
2>  jmemmgr.c
2>  jmemnobs.c
3>  pngrtran.c
2>  jquant1.c
2>  jquant2.c
2>  jutils.c
2>  正在生成代码...
3>  pngrutil.c
2>  jpeg.vcxproj -> D:\VscodiumZone\EightyProj\FLTK-Mirror-master\ide\VisualC2010\..\..\lib\fltkjpegd.lib
3>  pngset.c
3>  pngtrans.c
3>  pngwio.c
3>  pngwrite.c
3>  pngwtran.c
3>  pngwutil.c
3>  正在生成代码...
3>  libpng.vcxproj -> D:\VscodiumZone\EightyProj\FLTK-Mirror-master\ide\VisualC2010\..\..\lib\fltkpngd.lib
4>------ 已启动生成: 项目: fltk, 配置: Debug Win32 ------
4>  已复制         1 个文件。
4>  case.c
4>  fl_call_main.c
4>  fl_utf.c
4>  flstring.c
4>  is_right2left.c
4>  is_spacing.c
4>  numericsort.c
4>  scandir.c
4>  vsnprintf.c
4>  正在生成代码...
4>  filename_absolute.cxx
4>  filename_expand.cxx
4>  filename_ext.cxx
4>  filename_isdir.cxx
4>  filename_list.cxx
4>  filename_match.cxx
4>  filename_setext.cxx
4>  Fl.cxx
4>  Fl_abort.cxx
4>  Fl_add_idle.cxx
4>  Fl_Adjuster.cxx
4>  fl_arc.cxx
4>  fl_arci.cxx
4>  Fl_arg.cxx
4>  fl_ask.cxx
4>  Fl_Bitmap.cxx
4>  Fl_Box.cxx
4>  fl_boxtype.cxx
4>  Fl_Browser.cxx
4>  Fl_Browser_.cxx
4>  正在生成代码...
4>  正在编译...
4>  Fl_Browser_load.cxx
4>  Fl_Button.cxx
4>  Fl_Cairo.cxx
4>  Fl_Chart.cxx
4>  Fl_Check_Browser.cxx
4>  Fl_Check_Button.cxx
4>  Fl_Choice.cxx
4>  Fl_Clock.cxx
4>  fl_color.cxx
4>  Fl_Color_Chooser.cxx
4>  Fl_compose.cxx
4>  Fl_Copy_Surface.cxx
4>  Fl_Counter.cxx
4>  fl_cursor.cxx
4>  fl_curve.cxx
4>  Fl_Device.cxx
4>  Fl_Dial.cxx
4>  fl_diamond_box.cxx
4>  Fl_display.cxx
4>  fl_dnd.cxx
4>  正在生成代码...
4>  正在编译...
4>  Fl_Double_Window.cxx
4>  fl_draw.cxx
4>  fl_draw_image.cxx
4>  fl_draw_pixmap.cxx
4>  fl_engraved_label.cxx
4>  Fl_File_Browser.cxx
4>  Fl_File_Chooser.cxx
4>  Fl_File_Chooser2.cxx
4>  fl_file_dir.cxx
4>  Fl_File_Icon.cxx
4>  Fl_File_Input.cxx
4>  fl_font.cxx
4>  Fl_get_key.cxx
4>  Fl_get_system_colors.cxx
4>  Fl_grab.cxx
4>  Fl_Group.cxx
4>  fl_gtk.cxx
4>  fl_gleam.cxx
4>  Fl_Help_View.cxx
4>  Fl_Image.cxx
4>  正在生成代码...
4>  正在编译...
4>  Fl_Image_Surface.cxx
4>  Fl_Input.cxx
4>  Fl_Input_.cxx
4>  fl_labeltype.cxx
4>  Fl_Light_Button.cxx
4>  fl_line_style.cxx
4>  Fl_lock.cxx
4>  Fl_Menu.cxx
4>  Fl_Menu_.cxx
4>  Fl_Menu_add.cxx
4>  Fl_Menu_Bar.cxx
4>  Fl_Menu_Button.cxx
4>  Fl_Menu_global.cxx
4>  Fl_Menu_Window.cxx
4>  Fl_Multi_Label.cxx
4>  Fl_Native_File_Chooser.cxx
4>  fl_open_uri.cxx
4>  fl_oval_box.cxx
4>  fl_overlay.cxx
4>  fl_overlay_visual.cxx
4>  正在生成代码...
4>  正在编译...
4>  Fl_Overlay_Window.cxx
4>  Fl_own_colormap.cxx
4>  Fl_Pack.cxx
4>  Fl_Paged_Device.cxx
4>  Fl_Pixmap.cxx
4>  fl_plastic.cxx
4>  Fl_Positioner.cxx
4>  Fl_PostScript.cxx
4>D:\VscodiumZone\EightyProj\FLTK-Mirror-master\FL/Fl_PostScript.H : warning C4819: 该文件包含不能在当前代码页(936)中表示的字符。请将该文件保存为 Unicode 格式以防止数据丢失
4>  Fl_Preferences.cxx
4>  Fl_Printer.cxx
4>  Fl_Progress.cxx
4>  fl_read_image.cxx
4>  fl_rect.cxx
4>  Fl_Repeat_Button.cxx
4>  Fl_Return_Button.cxx
4>  Fl_Roller.cxx
4>  fl_round_box.cxx
4>  Fl_Round_Button.cxx
4>  fl_rounded_box.cxx
4>  Fl_Scroll.cxx
4>  正在生成代码...
4>  正在编译...
4>  fl_scroll_area.cxx
4>  Fl_Scrollbar.cxx
4>  fl_set_font.cxx
4>  fl_set_fonts.cxx
4>  fl_shadow_box.cxx
4>  Fl_Shared_Image.cxx
4>  fl_shortcut.cxx
4>  fl_show_colormap.cxx
4>  Fl_Single_Window.cxx
4>  Fl_Slider.cxx
4>  fl_symbols.cxx
4>  Fl_Table.cxx
4>  Fl_Table_Row.cxx
4>  Fl_Tabs.cxx
4>  Fl_Text_Buffer.cxx
4>  Fl_Text_Display.cxx
4>  Fl_Text_Editor.cxx
4>  Fl_Tile.cxx
4>  Fl_Tiled_Image.cxx
4>  Fl_Tooltip.cxx
4>  正在生成代码...
4>  正在编译...
4>  Fl_Tree.cxx
4>  Fl_Tree_Item.cxx
4>  Fl_Tree_Item_Array.cxx
4>  Fl_Tree_Prefs.cxx
4>  fl_utf8.cxx
4>  Fl_Valuator.cxx
4>  Fl_Value_Input.cxx
4>  Fl_Value_Output.cxx
4>  Fl_Value_Slider.cxx
4>  fl_vertex.cxx
4>  Fl_visual.cxx
4>  Fl_Widget.cxx
4>  Fl_Window.cxx
4>  Fl_Window_fullscreen.cxx
4>  Fl_Window_hotspot.cxx
4>  Fl_Window_iconize.cxx
4>  Fl_Window_shape.cxx
4>  Fl_Wizard.cxx
4>  Fl_x.cxx
4>  Fl_XBM_Image.cxx
4>  正在生成代码...
4>  正在编译...
4>  Fl_XPM_Image.cxx
4>  ps_image.cxx
4>D:\VscodiumZone\EightyProj\FLTK-Mirror-master\FL/Fl_PostScript.H : warning C4819: 该文件包含不能在当前代码页(936)中表示的字符。请将该文件保存为 Unicode 格式以防止数据丢失
4>  screen_xywh.cxx
4>  正在生成代码...
4>  fltk.lib.vcxproj -> D:\VscodiumZone\EightyProj\FLTK-Mirror-master\ide\VisualC2010\..\..\lib\fltkd.lib